[2025-05-26 00:23:09,559: INFO: main: hello welcome to this project]
[2025-05-26 13:53:28,096: INFO: common: yaml file: config/config.yaml loaded successfully]
[2025-05-26 13:53:28,102: INFO: common: yaml file: /Users/nabarundutta/Downloads/Projects/datascienceproject/params.yaml loaded successfully]
[2025-05-26 13:54:10,502: INFO: common: yaml file: config/config.yaml loaded successfully]
[2025-05-26 13:54:10,504: INFO: common: yaml file: /Users/nabarundutta/Downloads/Projects/datascienceproject/params.yaml loaded successfully]
[2025-05-26 13:54:10,505: INFO: common: yaml file: /Users/nabarundutta/Downloads/Projects/datascienceproject/schema.yaml loaded successfully]
[2025-05-26 13:55:28,068: INFO: common: yaml file: config/config.yaml loaded successfully]
[2025-05-26 13:55:28,070: INFO: common: yaml file: /Users/nabarundutta/Downloads/Projects/datascienceproject/params.yaml loaded successfully]
[2025-05-26 13:55:28,071: INFO: common: yaml file: /Users/nabarundutta/Downloads/Projects/datascienceproject/schema.yaml loaded successfully]
[2025-05-26 13:55:58,980: INFO: common: yaml file: config/config.yaml loaded successfully]
[2025-05-26 13:55:58,982: INFO: common: yaml file: /Users/nabarundutta/Downloads/Projects/datascienceproject/params.yaml loaded successfully]
[2025-05-26 13:55:58,984: INFO: common: yaml file: /Users/nabarundutta/Downloads/Projects/datascienceproject/schema.yaml loaded successfully]
[2025-05-26 13:58:46,338: INFO: common: yaml file: config/config.yaml loaded successfully]
[2025-05-26 13:58:46,342: INFO: common: yaml file: /Users/nabarundutta/Downloads/Projects/datascienceproject/params.yaml loaded successfully]
[2025-05-26 13:58:46,344: INFO: common: yaml file: /Users/nabarundutta/Downloads/Projects/datascienceproject/schema.yaml loaded successfully]
[2025-05-26 13:58:46,345: INFO: common: Created directory at artifacts]
[2025-05-26 13:58:46,346: INFO: common: Created directory at artifacts/data_ingestion]
[2025-05-26 14:01:19,447: INFO: common: yaml file: config/config.yaml loaded successfully]
[2025-05-26 14:01:19,449: INFO: common: yaml file: /Users/nabarundutta/Downloads/Projects/datascienceproject/params.yaml loaded successfully]
[2025-05-26 14:01:19,449: INFO: common: yaml file: /Users/nabarundutta/Downloads/Projects/datascienceproject/schema.yaml loaded successfully]
[2025-05-26 14:01:19,450: INFO: common: Created directory at artifacts]
[2025-05-26 14:01:19,450: INFO: common: Created directory at artifacts/data_ingestion]
[2025-05-26 14:01:20,886: INFO: 251335794: artifacts/data_ingestion/data.zip download! with following info: 
Connection: close
Content-Length: 23329
Cache-Control: max-age=300
Content-Security-Policy: default-src 'none'; style-src 'unsafe-inline'; sandbox
Content-Type: application/zip
ETag: "c69888a4ae59bc5a893392785a938ccd4937981c06ba8a9d6a21aa52b4ab5b6e"
Strict-Transport-Security: max-age=31536000
X-Content-Type-Options: nosniff
X-Frame-Options: deny
X-XSS-Protection: 1; mode=block
X-GitHub-Request-Id: 627C:38AE8F:6C928:D1660:683426D8
Accept-Ranges: bytes
Date: Mon, 26 May 2025 08:31:20 GMT
Via: 1.1 varnish
X-Served-By: cache-maa10240-MAA
X-Cache: MISS
X-Cache-Hits: 0
X-Timer: S1748248280.482406,VS0,VE417
Vary: Authorization,Accept-Encoding,Origin
Access-Control-Allow-Origin: *
Cross-Origin-Resource-Policy: cross-origin
X-Fastly-Request-ID: 0b3ed7d3e773090b60a77f403b922f7609609784
Expires: Mon, 26 May 2025 08:36:20 GMT
Source-Age: 0

]
[2025-05-26 16:17:52,956: INFO: main: >>>>> stage DATA INGESTION STEP started<<<<]
[2025-05-26 16:17:52,957: INFO: common: yaml file: config/config.yaml loaded successfully]
[2025-05-26 16:17:52,959: INFO: common: yaml file: /Users/nabarundutta/Downloads/Projects/datascienceproject/params.yaml loaded successfully]
[2025-05-26 16:17:52,959: INFO: common: yaml file: /Users/nabarundutta/Downloads/Projects/datascienceproject/schema.yaml loaded successfully]
[2025-05-26 16:17:52,959: INFO: common: Created directory at artifacts]
[2025-05-26 16:17:52,959: INFO: common: Created directory at artifacts/data_ingestion]
[2025-05-26 16:17:54,140: INFO: data_ingestion: artifacts/data_ingestion/data.zip download! with following info: 
Connection: close
Content-Length: 23329
Cache-Control: max-age=300
Content-Security-Policy: default-src 'none'; style-src 'unsafe-inline'; sandbox
Content-Type: application/zip
ETag: "c69888a4ae59bc5a893392785a938ccd4937981c06ba8a9d6a21aa52b4ab5b6e"
Strict-Transport-Security: max-age=31536000
X-Content-Type-Options: nosniff
X-Frame-Options: deny
X-XSS-Protection: 1; mode=block
X-GitHub-Request-Id: 6B81:346A52:A2F7B:1387D9:683446D9
Accept-Ranges: bytes
Date: Mon, 26 May 2025 10:47:54 GMT
Via: 1.1 varnish
X-Served-By: cache-maa10229-MAA
X-Cache: MISS
X-Cache-Hits: 0
X-Timer: S1748256474.697100,VS0,VE512
Vary: Authorization,Accept-Encoding,Origin
Access-Control-Allow-Origin: *
Cross-Origin-Resource-Policy: cross-origin
X-Fastly-Request-ID: fa0a7c85090266ad498b3b45f3290684e1c72a0e
Expires: Mon, 26 May 2025 10:52:54 GMT
Source-Age: 0

]
[2025-05-26 16:17:54,141: INFO: main: >>>>>> stage DATA INGESTION STEP completed <<<<<]
[2025-05-26 22:04:09,813: INFO: common: yaml file: config/config.yaml loaded successfully]
[2025-05-26 22:04:09,820: INFO: common: yaml file: /Users/nabarundutta/Downloads/Projects/datascienceproject/params.yaml loaded successfully]
[2025-05-26 22:04:09,826: INFO: common: yaml file: /Users/nabarundutta/Downloads/Projects/datascienceproject/schema.yaml loaded successfully]
[2025-05-26 22:04:09,830: INFO: common: Created directory at artifacts]
[2025-05-26 22:04:09,832: INFO: common: Created directory at artifacts/data_validation]
[2025-05-26 22:36:35,552: INFO: main: >>>>> stage DATA INGESTION STEP started<<<<]
[2025-05-26 22:36:35,553: INFO: common: yaml file: config/config.yaml loaded successfully]
[2025-05-26 22:36:35,554: INFO: common: yaml file: /Users/nabarundutta/Downloads/Projects/datascienceproject/params.yaml loaded successfully]
[2025-05-26 22:36:35,555: INFO: common: yaml file: /Users/nabarundutta/Downloads/Projects/datascienceproject/schema.yaml loaded successfully]
[2025-05-26 22:36:35,555: INFO: common: Created directory at artifacts]
[2025-05-26 22:36:35,555: INFO: common: Created directory at artifacts/data_ingestion]
[2025-05-26 22:36:35,555: INFO: data_ingestion: File already exists]
[2025-05-26 22:36:35,557: INFO: main: >>>>>> stage DATA INGESTION STEP completed <<<<<]
[2025-05-26 22:36:59,833: INFO: main: >>>>> stage DATA INGESTION STEP started<<<<]
[2025-05-26 22:36:59,834: INFO: common: yaml file: config/config.yaml loaded successfully]
[2025-05-26 22:36:59,834: INFO: common: yaml file: /Users/nabarundutta/Downloads/Projects/datascienceproject/params.yaml loaded successfully]
[2025-05-26 22:36:59,835: INFO: common: yaml file: /Users/nabarundutta/Downloads/Projects/datascienceproject/schema.yaml loaded successfully]
[2025-05-26 22:36:59,835: INFO: common: Created directory at artifacts]
[2025-05-26 22:36:59,836: INFO: common: Created directory at artifacts/data_ingestion]
[2025-05-26 22:36:59,836: INFO: data_ingestion: File already exists]
[2025-05-26 22:36:59,837: INFO: main: >>>>>> stage DATA INGESTION STEP completed <<<<<]
[2025-05-26 22:36:59,837: INFO: main: >>>> stage DATA VALIDATION STEP started<<<<<]
[2025-05-26 22:36:59,837: INFO: common: yaml file: config/config.yaml loaded successfully]
[2025-05-26 22:36:59,838: INFO: common: yaml file: /Users/nabarundutta/Downloads/Projects/datascienceproject/params.yaml loaded successfully]
[2025-05-26 22:36:59,838: INFO: common: yaml file: /Users/nabarundutta/Downloads/Projects/datascienceproject/schema.yaml loaded successfully]
[2025-05-26 22:36:59,838: INFO: common: Created directory at artifacts]
[2025-05-26 22:36:59,838: INFO: common: Created directory at artifacts/data_ingestion]
[2025-05-26 22:36:59,838: ERROR: main: 'DataIngestionConfig' object has no attribute 'unzip_data_dir']
Traceback (most recent call last):
  File "/Users/nabarundutta/Downloads/Projects/datascienceproject/main.py", line 24, in <module>
    data_validation.initiate_data_validation()
  File "/Users/nabarundutta/Downloads/Projects/datascienceproject/src/datascience/pipeline/data_validation.py", line 14, in initiate_data_validation
    data_validation.validate_all_columns()
  File "/Users/nabarundutta/Downloads/Projects/datascienceproject/src/datascience/components/data_validation.py", line 35, in validate_all_columns
    raise e
  File "/Users/nabarundutta/Downloads/Projects/datascienceproject/src/datascience/components/data_validation.py", line 16, in validate_all_columns
    data = pd.read_csv(self.config.unzip_data_dir)
AttributeError: 'DataIngestionConfig' object has no attribute 'unzip_data_dir'
[2025-05-26 22:40:27,110: INFO: main: >>>>> stage DATA INGESTION STEP started<<<<]
[2025-05-26 22:40:27,111: INFO: common: yaml file: config/config.yaml loaded successfully]
[2025-05-26 22:40:27,111: INFO: common: yaml file: /Users/nabarundutta/Downloads/Projects/datascienceproject/params.yaml loaded successfully]
[2025-05-26 22:40:27,112: INFO: common: yaml file: /Users/nabarundutta/Downloads/Projects/datascienceproject/schema.yaml loaded successfully]
[2025-05-26 22:40:27,112: INFO: common: Created directory at artifacts]
[2025-05-26 22:40:27,112: INFO: common: Created directory at artifacts/data_ingestion]
[2025-05-26 22:40:27,112: INFO: data_ingestion: File already exists]
[2025-05-26 22:40:27,113: INFO: main: >>>>>> stage DATA INGESTION STEP completed <<<<<]
[2025-05-26 22:40:27,113: INFO: main: >>>>>> stage Data Validation stage started <<<<<<]
[2025-05-26 22:40:27,113: ERROR: main: name 'DataValidationTrainingPipeline' is not defined]
Traceback (most recent call last):
  File "/Users/nabarundutta/Downloads/Projects/datascienceproject/main.py", line 21, in <module>
    data_ingestion = DataValidationTrainingPipeline()
NameError: name 'DataValidationTrainingPipeline' is not defined
[2025-05-26 22:41:16,555: INFO: main: >>>>> stage DATA INGESTION STEP started<<<<]
[2025-05-26 22:41:16,557: INFO: common: yaml file: config/config.yaml loaded successfully]
[2025-05-26 22:41:16,557: INFO: common: yaml file: /Users/nabarundutta/Downloads/Projects/datascienceproject/params.yaml loaded successfully]
[2025-05-26 22:41:16,558: INFO: common: yaml file: /Users/nabarundutta/Downloads/Projects/datascienceproject/schema.yaml loaded successfully]
[2025-05-26 22:41:16,558: INFO: common: Created directory at artifacts]
[2025-05-26 22:41:16,558: INFO: common: Created directory at artifacts/data_ingestion]
[2025-05-26 22:41:16,558: INFO: data_ingestion: File already exists]
[2025-05-26 22:41:16,559: INFO: main: >>>>>> stage DATA INGESTION STEP completed <<<<<]
[2025-05-26 22:41:16,559: INFO: main: >>>>>> stage Data Validation stage started <<<<<<]
[2025-05-26 22:41:16,559: ERROR: main: name 'DataValidationTrainingPipeline' is not defined]
Traceback (most recent call last):
  File "/Users/nabarundutta/Downloads/Projects/datascienceproject/main.py", line 21, in <module>
    data_ingestion = DataValidationTrainingPipeline()
NameError: name 'DataValidationTrainingPipeline' is not defined
[2025-05-26 22:41:52,228: INFO: main: >>>>> stage DATA INGESTION STEP started<<<<]
[2025-05-26 22:41:52,229: INFO: common: yaml file: config/config.yaml loaded successfully]
[2025-05-26 22:41:52,229: INFO: common: yaml file: /Users/nabarundutta/Downloads/Projects/datascienceproject/params.yaml loaded successfully]
[2025-05-26 22:41:52,230: INFO: common: yaml file: /Users/nabarundutta/Downloads/Projects/datascienceproject/schema.yaml loaded successfully]
[2025-05-26 22:41:52,230: INFO: common: Created directory at artifacts]
[2025-05-26 22:41:52,231: INFO: common: Created directory at artifacts/data_ingestion]
[2025-05-26 22:41:52,231: INFO: data_ingestion: File already exists]
[2025-05-26 22:41:52,232: INFO: main: >>>>>> stage DATA INGESTION STEP completed <<<<<]
[2025-05-26 22:41:52,232: INFO: main: >>>>>> stage Data Validation stage started <<<<<<]
[2025-05-26 22:41:52,232: ERROR: main: name 'DataValidationTrainingPipeline' is not defined]
Traceback (most recent call last):
  File "/Users/nabarundutta/Downloads/Projects/datascienceproject/main.py", line 21, in <module>
    data_ingestion = DataValidationTrainingPipeline()
NameError: name 'DataValidationTrainingPipeline' is not defined
[2025-05-26 22:43:13,948: INFO: main: >>>>> stage DATA INGESTION STEP started<<<<]
[2025-05-26 22:43:13,949: INFO: common: yaml file: config/config.yaml loaded successfully]
[2025-05-26 22:43:13,950: INFO: common: yaml file: /Users/nabarundutta/Downloads/Projects/datascienceproject/params.yaml loaded successfully]
[2025-05-26 22:43:13,951: INFO: common: yaml file: /Users/nabarundutta/Downloads/Projects/datascienceproject/schema.yaml loaded successfully]
[2025-05-26 22:43:13,951: INFO: common: Created directory at artifacts]
[2025-05-26 22:43:13,951: INFO: common: Created directory at artifacts/data_ingestion]
[2025-05-26 22:43:13,951: INFO: data_ingestion: File already exists]
[2025-05-26 22:43:13,952: INFO: main: >>>>>> stage DATA INGESTION STEP completed <<<<<]
[2025-05-26 22:43:13,952: INFO: main: >>>>>> stage Data Validation stage started <<<<<<]
[2025-05-26 22:43:13,953: INFO: common: yaml file: config/config.yaml loaded successfully]
[2025-05-26 22:43:13,953: INFO: common: yaml file: /Users/nabarundutta/Downloads/Projects/datascienceproject/params.yaml loaded successfully]
[2025-05-26 22:43:13,954: INFO: common: yaml file: /Users/nabarundutta/Downloads/Projects/datascienceproject/schema.yaml loaded successfully]
[2025-05-26 22:43:13,954: INFO: common: Created directory at artifacts]
[2025-05-26 22:43:13,954: INFO: common: Created directory at artifacts/data_validation]
[2025-05-26 22:43:13,960: INFO: main: >>>>>> stage Data Validation stage completed <<<<<<

x==========x]
[2025-05-27 00:40:07,533: INFO: common: yaml file: config/config.yaml loaded successfully]
[2025-05-27 00:40:07,546: INFO: common: yaml file: /Users/nabarundutta/Downloads/Projects/datascienceproject/params.yaml loaded successfully]
[2025-05-27 00:40:07,554: INFO: common: yaml file: /Users/nabarundutta/Downloads/Projects/datascienceproject/schema.yaml loaded successfully]
[2025-05-27 00:40:07,555: ERROR: 3049767176: name 'config' is not defined]
Traceback (most recent call last):
  File "/var/folders/1v/84cg0ffx1pqgzh0xsmw44w200000gn/T/ipykernel_45281/3049767176.py", line 2, in <module>
    config = ConfigurationManager()
  File "/var/folders/1v/84cg0ffx1pqgzh0xsmw44w200000gn/T/ipykernel_45281/947982567.py", line 11, in __init__
    create_directories([config.artifacts_root])
NameError: name 'config' is not defined
[2025-05-27 00:40:15,031: INFO: common: yaml file: config/config.yaml loaded successfully]
[2025-05-27 00:40:15,034: INFO: common: yaml file: /Users/nabarundutta/Downloads/Projects/datascienceproject/params.yaml loaded successfully]
[2025-05-27 00:40:15,037: INFO: common: yaml file: /Users/nabarundutta/Downloads/Projects/datascienceproject/schema.yaml loaded successfully]
[2025-05-27 00:41:19,532: INFO: common: yaml file: config/config.yaml loaded successfully]
[2025-05-27 00:41:19,533: INFO: common: yaml file: /Users/nabarundutta/Downloads/Projects/datascienceproject/params.yaml loaded successfully]
[2025-05-27 00:41:19,534: INFO: common: yaml file: /Users/nabarundutta/Downloads/Projects/datascienceproject/schema.yaml loaded successfully]
[2025-05-27 00:42:59,123: INFO: common: yaml file: config/config.yaml loaded successfully]
[2025-05-27 00:42:59,123: INFO: common: yaml file: /Users/nabarundutta/Downloads/Projects/datascienceproject/params.yaml loaded successfully]
[2025-05-27 00:42:59,125: INFO: common: yaml file: /Users/nabarundutta/Downloads/Projects/datascienceproject/schema.yaml loaded successfully]
[2025-05-27 00:46:21,087: INFO: common: yaml file: config/config.yaml loaded successfully]
[2025-05-27 00:46:21,090: INFO: common: yaml file: /Users/nabarundutta/Downloads/Projects/datascienceproject/params.yaml loaded successfully]
[2025-05-27 00:46:21,091: INFO: common: yaml file: /Users/nabarundutta/Downloads/Projects/datascienceproject/schema.yaml loaded successfully]
[2025-05-27 00:46:21,091: INFO: common: Created directory at artifacts]
[2025-05-27 00:46:21,093: INFO: common: Created directory at artifacts/data_transformation]
[2025-05-27 00:46:21,105: INFO: 3058295181: splitted data into test and train datasets]
[2025-05-27 00:46:21,106: INFO: 3058295181: (1199, 12)]
[2025-05-27 00:46:21,106: INFO: 3058295181: (400, 12)]
[2025-05-27 01:04:30,237: INFO: main: >>>>> stage DATA INGESTION STEP started<<<<]
[2025-05-27 01:04:30,239: INFO: common: yaml file: config/config.yaml loaded successfully]
[2025-05-27 01:04:30,240: INFO: common: yaml file: /Users/nabarundutta/Downloads/Projects/datascienceproject/params.yaml loaded successfully]
[2025-05-27 01:04:30,242: INFO: common: yaml file: /Users/nabarundutta/Downloads/Projects/datascienceproject/schema.yaml loaded successfully]
[2025-05-27 01:04:30,242: INFO: common: Created directory at artifacts]
[2025-05-27 01:04:30,242: INFO: common: Created directory at artifacts/data_ingestion]
[2025-05-27 01:04:30,242: INFO: data_ingestion: File already exists]
[2025-05-27 01:04:30,245: INFO: main: >>>>>> stage DATA INGESTION STEP completed <<<<<]
[2025-05-27 01:04:30,245: INFO: main: >>>>>> stage Data Validation stage started <<<<<<]
[2025-05-27 01:04:30,246: INFO: common: yaml file: config/config.yaml loaded successfully]
[2025-05-27 01:04:30,246: INFO: common: yaml file: /Users/nabarundutta/Downloads/Projects/datascienceproject/params.yaml loaded successfully]
[2025-05-27 01:04:30,247: INFO: common: yaml file: /Users/nabarundutta/Downloads/Projects/datascienceproject/schema.yaml loaded successfully]
[2025-05-27 01:04:30,247: INFO: common: Created directory at artifacts]
[2025-05-27 01:04:30,247: INFO: common: Created directory at artifacts/data_validation]
[2025-05-27 01:04:30,251: INFO: main: >>>>>> stage Data Validation stage completed <<<<<<

x==========x]
[2025-05-27 01:04:30,251: INFO: main: >>>>> stage DATA TRANSFORMATION STAGE started <<<<<<]
[2025-05-27 01:04:30,252: INFO: common: yaml file: config/config.yaml loaded successfully]
[2025-05-27 01:04:30,252: INFO: common: yaml file: /Users/nabarundutta/Downloads/Projects/datascienceproject/params.yaml loaded successfully]
[2025-05-27 01:04:30,253: INFO: common: yaml file: /Users/nabarundutta/Downloads/Projects/datascienceproject/schema.yaml loaded successfully]
[2025-05-27 01:04:30,253: INFO: common: Created directory at artifacts]
[2025-05-27 01:04:30,253: INFO: common: Created directory at artifacts/data_transformation]
[2025-05-27 01:04:30,264: INFO: data_transformation: splitted data into test and train datasets]
[2025-05-27 01:04:30,264: INFO: data_transformation: (1199, 12)]
[2025-05-27 01:04:30,264: INFO: data_transformation: (400, 12)]
[2025-05-27 01:04:30,264: INFO: main: >>>>> stage DATA TRANSFORMATION STAGE completed<<<<<<

x==========x]
[2025-05-27 15:23:14,789: INFO: common: yaml file: config/config.yaml loaded successfully]
[2025-05-27 15:23:14,794: INFO: common: yaml file: /Users/nabarundutta/Downloads/Projects/datascienceproject/schema.yaml loaded successfully]
[2025-05-27 15:23:14,795: INFO: common: yaml file: /Users/nabarundutta/Downloads/Projects/datascienceproject/params.yaml loaded successfully]
[2025-05-27 15:23:14,796: INFO: common: Created directory at artifacts]
[2025-05-27 15:23:50,116: INFO: common: yaml file: config/config.yaml loaded successfully]
[2025-05-27 15:23:50,118: INFO: common: yaml file: /Users/nabarundutta/Downloads/Projects/datascienceproject/schema.yaml loaded successfully]
[2025-05-27 15:23:50,119: INFO: common: yaml file: /Users/nabarundutta/Downloads/Projects/datascienceproject/params.yaml loaded successfully]
[2025-05-27 15:23:50,119: INFO: common: Created directory at artifacts]
[2025-05-27 15:25:25,646: INFO: common: yaml file: config/config.yaml loaded successfully]
[2025-05-27 15:25:25,659: INFO: common: yaml file: /Users/nabarundutta/Downloads/Projects/datascienceproject/params.yaml loaded successfully]
[2025-05-27 15:25:25,679: INFO: common: yaml file: /Users/nabarundutta/Downloads/Projects/datascienceproject/schema.yaml loaded successfully]
[2025-05-27 15:25:25,680: INFO: common: Created directory at artifacts]
[2025-05-27 15:25:50,103: INFO: common: yaml file: config/config.yaml loaded successfully]
[2025-05-27 15:25:50,104: INFO: common: yaml file: /Users/nabarundutta/Downloads/Projects/datascienceproject/params.yaml loaded successfully]
[2025-05-27 15:25:50,105: INFO: common: yaml file: /Users/nabarundutta/Downloads/Projects/datascienceproject/schema.yaml loaded successfully]
[2025-05-27 15:25:50,106: INFO: common: Created directory at artifacts]
[2025-05-27 15:28:58,685: INFO: common: yaml file: config/config.yaml loaded successfully]
[2025-05-27 15:28:58,687: INFO: common: yaml file: /Users/nabarundutta/Downloads/Projects/datascienceproject/params.yaml loaded successfully]
[2025-05-27 15:28:58,691: INFO: common: yaml file: /Users/nabarundutta/Downloads/Projects/datascienceproject/schema.yaml loaded successfully]
[2025-05-27 15:28:58,692: INFO: common: Created directory at artifacts]
[2025-05-27 15:29:06,103: INFO: common: yaml file: config/config.yaml loaded successfully]
[2025-05-27 15:29:06,105: INFO: common: yaml file: /Users/nabarundutta/Downloads/Projects/datascienceproject/params.yaml loaded successfully]
[2025-05-27 15:29:06,106: INFO: common: yaml file: /Users/nabarundutta/Downloads/Projects/datascienceproject/schema.yaml loaded successfully]
[2025-05-27 15:29:06,107: INFO: common: Created directory at artifacts]
[2025-05-27 15:32:30,589: INFO: common: yaml file: config/config.yaml loaded successfully]
[2025-05-27 15:32:30,591: INFO: common: yaml file: /Users/nabarundutta/Downloads/Projects/datascienceproject/params.yaml loaded successfully]
[2025-05-27 15:32:30,592: INFO: common: yaml file: /Users/nabarundutta/Downloads/Projects/datascienceproject/schema.yaml loaded successfully]
[2025-05-27 15:32:30,593: INFO: common: Created directory at artifacts]
[2025-05-27 15:33:13,227: INFO: common: yaml file: config/config.yaml loaded successfully]
[2025-05-27 15:33:13,228: INFO: common: yaml file: /Users/nabarundutta/Downloads/Projects/datascienceproject/params.yaml loaded successfully]
[2025-05-27 15:33:13,229: INFO: common: yaml file: /Users/nabarundutta/Downloads/Projects/datascienceproject/schema.yaml loaded successfully]
[2025-05-27 15:33:13,230: INFO: common: Created directory at artifacts]
[2025-05-27 15:33:13,230: INFO: common: Created directory at artifacts/model_trainer]
[2025-05-27 15:50:58,297: INFO: main: >>>>> stage DATA INGESTION STEP started<<<<]
[2025-05-27 15:50:58,299: INFO: common: yaml file: config/config.yaml loaded successfully]
[2025-05-27 15:50:58,300: INFO: common: yaml file: /Users/nabarundutta/Downloads/Projects/datascienceproject/params.yaml loaded successfully]
[2025-05-27 15:50:58,301: INFO: common: yaml file: /Users/nabarundutta/Downloads/Projects/datascienceproject/schema.yaml loaded successfully]
[2025-05-27 15:50:58,301: INFO: common: Created directory at artifacts]
[2025-05-27 15:50:58,301: INFO: common: Created directory at artifacts/data_ingestion]
[2025-05-27 15:50:58,301: INFO: data_ingestion: File already exists]
[2025-05-27 15:50:58,303: INFO: main: >>>>>> stage DATA INGESTION STEP completed <<<<<]
[2025-05-27 15:50:58,303: INFO: main: >>>>>> stage Data Validation stage started <<<<<<]
[2025-05-27 15:50:58,304: INFO: common: yaml file: config/config.yaml loaded successfully]
[2025-05-27 15:50:58,305: INFO: common: yaml file: /Users/nabarundutta/Downloads/Projects/datascienceproject/params.yaml loaded successfully]
[2025-05-27 15:50:58,306: INFO: common: yaml file: /Users/nabarundutta/Downloads/Projects/datascienceproject/schema.yaml loaded successfully]
[2025-05-27 15:50:58,306: INFO: common: Created directory at artifacts]
[2025-05-27 15:50:58,306: INFO: common: Created directory at artifacts/data_validation]
[2025-05-27 15:50:58,310: INFO: main: >>>>>> stage Data Validation stage completed <<<<<<

x==========x]
[2025-05-27 15:50:58,310: INFO: main: >>>>> stage DATA TRANSFORMATION STAGE started <<<<<<]
[2025-05-27 15:50:58,311: INFO: common: yaml file: config/config.yaml loaded successfully]
[2025-05-27 15:50:58,311: INFO: common: yaml file: /Users/nabarundutta/Downloads/Projects/datascienceproject/params.yaml loaded successfully]
[2025-05-27 15:50:58,312: INFO: common: yaml file: /Users/nabarundutta/Downloads/Projects/datascienceproject/schema.yaml loaded successfully]
[2025-05-27 15:50:58,312: INFO: common: Created directory at artifacts]
[2025-05-27 15:50:58,312: INFO: common: Created directory at artifacts/data_transformation]
[2025-05-27 15:50:58,329: INFO: data_transformation: splitted data into test and train datasets]
[2025-05-27 15:50:58,329: INFO: data_transformation: (1199, 12)]
[2025-05-27 15:50:58,329: INFO: data_transformation: (400, 12)]
[2025-05-27 15:50:58,329: INFO: main: >>>>> stage DATA TRANSFORMATION STAGE completed<<<<<<

x==========x]
[2025-05-27 15:50:58,329: INFO: main: >>>>> stage DATA MODEL TRAINING started<<<<<<]
[2025-05-27 15:50:58,331: INFO: common: yaml file: config/config.yaml loaded successfully]
[2025-05-27 15:50:58,331: INFO: common: yaml file: /Users/nabarundutta/Downloads/Projects/datascienceproject/params.yaml loaded successfully]
[2025-05-27 15:50:58,332: INFO: common: yaml file: /Users/nabarundutta/Downloads/Projects/datascienceproject/schema.yaml loaded successfully]
[2025-05-27 15:50:58,332: INFO: common: Created directory at artifacts]
[2025-05-27 15:50:58,332: INFO: common: Created directory at artifacts/data_ingestion]
[2025-05-27 15:50:58,332: ERROR: main: 'DataIngestionConfig' object has no attribute 'train_data_path']
Traceback (most recent call last):
  File "/Users/nabarundutta/Downloads/Projects/datascienceproject/main.py", line 45, in <module>
    model_training.initiate_model_training()
  File "/Users/nabarundutta/Downloads/Projects/datascienceproject/src/datascience/pipeline/model_training.py", line 14, in initiate_model_training
    model_trainer_config.train()
  File "/Users/nabarundutta/Downloads/Projects/datascienceproject/src/datascience/components/model_trainer.py", line 13, in train
    train_data = pd.read_csv(self.config.train_data_path)
AttributeError: 'DataIngestionConfig' object has no attribute 'train_data_path'
[2025-05-27 15:54:05,812: INFO: main: >>>>> stage DATA INGESTION STEP started<<<<]
[2025-05-27 15:54:05,813: INFO: common: yaml file: config/config.yaml loaded successfully]
[2025-05-27 15:54:05,814: INFO: common: yaml file: /Users/nabarundutta/Downloads/Projects/datascienceproject/params.yaml loaded successfully]
[2025-05-27 15:54:05,815: INFO: common: yaml file: /Users/nabarundutta/Downloads/Projects/datascienceproject/schema.yaml loaded successfully]
[2025-05-27 15:54:05,815: INFO: common: Created directory at artifacts]
[2025-05-27 15:54:05,815: INFO: common: Created directory at artifacts/data_ingestion]
[2025-05-27 15:54:05,815: INFO: data_ingestion: File already exists]
[2025-05-27 15:54:05,816: INFO: main: >>>>>> stage DATA INGESTION STEP completed <<<<<]
[2025-05-27 15:54:05,816: INFO: main: >>>>>> stage Data Validation stage started <<<<<<]
[2025-05-27 15:54:05,818: INFO: common: yaml file: config/config.yaml loaded successfully]
[2025-05-27 15:54:05,818: INFO: common: yaml file: /Users/nabarundutta/Downloads/Projects/datascienceproject/params.yaml loaded successfully]
[2025-05-27 15:54:05,819: INFO: common: yaml file: /Users/nabarundutta/Downloads/Projects/datascienceproject/schema.yaml loaded successfully]
[2025-05-27 15:54:05,819: INFO: common: Created directory at artifacts]
[2025-05-27 15:54:05,819: INFO: common: Created directory at artifacts/data_validation]
[2025-05-27 15:54:05,822: INFO: main: >>>>>> stage Data Validation stage completed <<<<<<

x==========x]
[2025-05-27 15:54:05,822: INFO: main: >>>>> stage DATA TRANSFORMATION STAGE started <<<<<<]
[2025-05-27 15:54:05,823: INFO: common: yaml file: config/config.yaml loaded successfully]
[2025-05-27 15:54:05,824: INFO: common: yaml file: /Users/nabarundutta/Downloads/Projects/datascienceproject/params.yaml loaded successfully]
[2025-05-27 15:54:05,825: INFO: common: yaml file: /Users/nabarundutta/Downloads/Projects/datascienceproject/schema.yaml loaded successfully]
[2025-05-27 15:54:05,825: INFO: common: Created directory at artifacts]
[2025-05-27 15:54:05,825: INFO: common: Created directory at artifacts/data_transformation]
[2025-05-27 15:54:05,833: INFO: data_transformation: splitted data into test and train datasets]
[2025-05-27 15:54:05,833: INFO: data_transformation: (1199, 12)]
[2025-05-27 15:54:05,834: INFO: data_transformation: (400, 12)]
[2025-05-27 15:54:05,834: INFO: main: >>>>> stage DATA TRANSFORMATION STAGE completed<<<<<<

x==========x]
[2025-05-27 15:54:05,834: INFO: main: >>>>>> stage Model Trainer stage started <<<<<<]
[2025-05-27 15:54:05,835: INFO: common: yaml file: config/config.yaml loaded successfully]
[2025-05-27 15:54:05,835: INFO: common: yaml file: /Users/nabarundutta/Downloads/Projects/datascienceproject/params.yaml loaded successfully]
[2025-05-27 15:54:05,836: INFO: common: yaml file: /Users/nabarundutta/Downloads/Projects/datascienceproject/schema.yaml loaded successfully]
[2025-05-27 15:54:05,836: INFO: common: Created directory at artifacts]
[2025-05-27 15:54:05,836: INFO: common: Created directory at artifacts/data_ingestion]
[2025-05-27 15:54:05,836: ERROR: main: 'DataIngestionConfig' object has no attribute 'train_data_path']
Traceback (most recent call last):
  File "/Users/nabarundutta/Downloads/Projects/datascienceproject/main.py", line 45, in <module>
    data_ingestion.initiate_model_training()
  File "/Users/nabarundutta/Downloads/Projects/datascienceproject/src/datascience/pipeline/model_training.py", line 14, in initiate_model_training
    model_trainer_config.train()
  File "/Users/nabarundutta/Downloads/Projects/datascienceproject/src/datascience/components/model_trainer.py", line 13, in train
    train_data = pd.read_csv(self.config.train_data_path)
AttributeError: 'DataIngestionConfig' object has no attribute 'train_data_path'
[2025-05-27 15:55:16,446: INFO: main: >>>>> stage DATA INGESTION STEP started<<<<]
[2025-05-27 15:55:16,447: INFO: common: yaml file: config/config.yaml loaded successfully]
[2025-05-27 15:55:16,448: INFO: common: yaml file: /Users/nabarundutta/Downloads/Projects/datascienceproject/params.yaml loaded successfully]
[2025-05-27 15:55:16,448: INFO: common: yaml file: /Users/nabarundutta/Downloads/Projects/datascienceproject/schema.yaml loaded successfully]
[2025-05-27 15:55:16,449: INFO: common: Created directory at artifacts]
[2025-05-27 15:55:16,449: INFO: common: Created directory at artifacts/data_ingestion]
[2025-05-27 15:55:16,449: INFO: data_ingestion: File already exists]
[2025-05-27 15:55:16,450: INFO: main: >>>>>> stage DATA INGESTION STEP completed <<<<<]
[2025-05-27 15:55:16,450: INFO: main: >>>>>> stage Data Validation stage started <<<<<<]
[2025-05-27 15:55:16,451: INFO: common: yaml file: config/config.yaml loaded successfully]
[2025-05-27 15:55:16,451: INFO: common: yaml file: /Users/nabarundutta/Downloads/Projects/datascienceproject/params.yaml loaded successfully]
[2025-05-27 15:55:16,452: INFO: common: yaml file: /Users/nabarundutta/Downloads/Projects/datascienceproject/schema.yaml loaded successfully]
[2025-05-27 15:55:16,452: INFO: common: Created directory at artifacts]
[2025-05-27 15:55:16,452: INFO: common: Created directory at artifacts/data_validation]
[2025-05-27 15:55:16,455: INFO: main: >>>>>> stage Data Validation stage completed <<<<<<

x==========x]
[2025-05-27 15:55:16,455: INFO: main: >>>>> stage DATA TRANSFORMATION STAGE started <<<<<<]
[2025-05-27 15:55:16,456: INFO: common: yaml file: config/config.yaml loaded successfully]
[2025-05-27 15:55:16,457: INFO: common: yaml file: /Users/nabarundutta/Downloads/Projects/datascienceproject/params.yaml loaded successfully]
[2025-05-27 15:55:16,458: INFO: common: yaml file: /Users/nabarundutta/Downloads/Projects/datascienceproject/schema.yaml loaded successfully]
[2025-05-27 15:55:16,458: INFO: common: Created directory at artifacts]
[2025-05-27 15:55:16,458: INFO: common: Created directory at artifacts/data_transformation]
[2025-05-27 15:55:16,467: INFO: data_transformation: splitted data into test and train datasets]
[2025-05-27 15:55:16,467: INFO: data_transformation: (1199, 12)]
[2025-05-27 15:55:16,467: INFO: data_transformation: (400, 12)]
[2025-05-27 15:55:16,467: INFO: main: >>>>> stage DATA TRANSFORMATION STAGE completed<<<<<<

x==========x]
[2025-05-27 15:55:16,467: INFO: main: >>>>>> stage Model Trainer stage started <<<<<<]
[2025-05-27 15:55:16,469: INFO: common: yaml file: config/config.yaml loaded successfully]
[2025-05-27 15:55:16,469: INFO: common: yaml file: /Users/nabarundutta/Downloads/Projects/datascienceproject/params.yaml loaded successfully]
[2025-05-27 15:55:16,470: INFO: common: yaml file: /Users/nabarundutta/Downloads/Projects/datascienceproject/schema.yaml loaded successfully]
[2025-05-27 15:55:16,470: INFO: common: Created directory at artifacts]
[2025-05-27 15:55:16,470: INFO: common: Created directory at artifacts/model_trainer]
[2025-05-27 15:55:16,479: INFO: main: >>>>>> stage Model Trainer stage completed <<<<<<

x==========x]
